<?xml version="1.0" encoding="UTF-8"?>
<!-- Generated by org.testng.reporters.JUnitReportReporter -->
<testsuite hostname="DESKTOP-OS617JJ" failures="0" tests="3" name="org.nat.dog.tests.clinicsPage.ClinicsPageTests" time="27.263" errors="0" timestamp="2023-11-18T15:56:09 CET" skipped="0">
  <testcase classname="org.nat.dog.tests.clinicsPage.ClinicsPageTests" name="fillClinicsForm" time="9.317"/>
  <testcase classname="org.nat.dog.tests.clinicsPage.ClinicsPageTests" name="isClinicsComponentPresentTest" time="7.660"/>
  <testcase classname="org.nat.dog.tests.clinicsPage.ClinicsPageTests" name="showClinicsList" time="10.286"/>
</testsuite> <!-- org.nat.dog.tests.clinicsPage.ClinicsPageTests -->
