<?xml version="1.0" encoding="UTF-8"?>
<!-- Generated by org.testng.reporters.JUnitReportReporter -->
<testsuite hostname="DESKTOP-OS617JJ" failures="0" tests="2" name="org.nat.dog.tests.contactPage.ContactPageTests" time="19.915" errors="0" timestamp="2023-11-18T15:56:09 CET" skipped="0">
  <testcase classname="org.nat.dog.tests.contactPage.ContactPageTests" name="isGoingToGoogleMapsTest" time="6.059"/>
  <testcase classname="org.nat.dog.tests.contactPage.ContactPageTests" name="fillInTouchFormTest" time="13.856"/>
</testsuite> <!-- org.nat.dog.tests.contactPage.ContactPageTests -->
