<?xml version="1.0" encoding="UTF-8"?>
<!-- Generated by org.testng.reporters.JUnitReportReporter -->
<testsuite hostname="DESKTOP-OS617JJ" failures="0" tests="1" name="org.nat.dog.tests.aboutPage.AboutPageTests" time="10.435" errors="0" timestamp="2023-11-18T15:56:09 CET" skipped="0">
  <testcase classname="org.nat.dog.tests.aboutPage.AboutPageTests" name="isAboutComponentPresentTest" time="10.435"/>
</testsuite> <!-- org.nat.dog.tests.aboutPage.AboutPageTests -->
